<?xml version="1.0" encoding="UTF-8"?>
<testsuite name="pl.stqa.pft.addressbook.tests.ContactAddressTests" tests="1" skipped="0" failures="0" errors="0" timestamp="2018-10-10T09:13:21" hostname="QH-WIN-DWI" time="0.475">
  <properties/>
  <testcase name="testContactAddress" classname="pl.stqa.pft.addressbook.tests.ContactAddressTests" time="0.475"/>
  <system-out><![CDATA[]]></system-out>
  <system-err><![CDATA[]]></system-err>
</testsuite>
