<?xml version="1.0" encoding="UTF-8"?>
<testsuite name="pl.stqa.pft.addressbook.tests.ContactModificationTests" tests="1" skipped="0" failures="0" errors="0" timestamp="2018-10-10T09:13:06" hostname="QH-WIN-DWI" time="9.66">
  <properties/>
  <testcase name="testContactModification" classname="pl.stqa.pft.addressbook.tests.ContactModificationTests" time="9.66"/>
  <system-out><![CDATA[]]></system-out>
  <system-err><![CDATA[]]></system-err>
</testsuite>
