<?xml version="1.0" encoding="UTF-8"?>
<testsuite name="pl.stqa.pft.addressbook.tests.ContactDeletionTests" tests="1" skipped="0" failures="0" errors="0" timestamp="2018-10-10T09:13:22" hostname="QH-WIN-DWI" time="4.745">
  <properties/>
  <testcase name="testContactDeletion" classname="pl.stqa.pft.addressbook.tests.ContactDeletionTests" time="4.745"/>
  <system-out><![CDATA[]]></system-out>
  <system-err><![CDATA[]]></system-err>
</testsuite>
