<?xml version="1.0" encoding="UTF-8"?>
<testsuite name="pl.stqa.pft.addressbook.tests.ContactCreationTests" tests="4" skipped="0" failures="0" errors="0" timestamp="2018-10-10T09:12:41" hostname="QH-WIN-DWI" time="24.405">
  <properties/>
  <testcase name="testBadContactCreation" classname="pl.stqa.pft.addressbook.tests.ContactCreationTests" time="7.028"/>
  <testcase name="testContactCreation[0](ContactData{id=2147483647, firstName='TestnameF 0', lastName='TestnameL 0'})" classname="pl.stqa.pft.addressbook.tests.ContactCreationTests" time="5.85"/>
  <testcase name="testContactCreation[1](ContactData{id=2147483647, firstName='TestnameF 1', lastName='TestnameL 1'})" classname="pl.stqa.pft.addressbook.tests.ContactCreationTests" time="5.721"/>
  <testcase name="testContactCreation[2](ContactData{id=2147483647, firstName='TestnameF 2', lastName='TestnameL 2'})" classname="pl.stqa.pft.addressbook.tests.ContactCreationTests" time="5.741"/>
  <system-out><![CDATA[]]></system-out>
  <system-err><![CDATA[]]></system-err>
</testsuite>
