<?xml version="1.0" encoding="UTF-8"?>
<testsuite name="pl.stqa.pft.addressbook.tests.ContactViewTests" tests="1" skipped="0" failures="0" errors="0" timestamp="2018-10-10T09:13:15" hostname="QH-WIN-DWI" time="0.764">
  <properties/>
  <testcase name="testContactView" classname="pl.stqa.pft.addressbook.tests.ContactViewTests" time="0.764"/>
  <system-out><![CDATA[]]></system-out>
  <system-err><![CDATA[]]></system-err>
</testsuite>
